[2025-12-07 14:43:20] local.ERROR: Call to undefined function Illuminate\Filesystem\symlink() {"userId":1,"exception":"[object] (Error(code: 0): Call to undefined function Illuminate\\Filesystem\\symlink() at /home/bozokcha/public_html/vendor/laravel/framework/src/Illuminate/Filesystem/Filesystem.php:340)
[stacktrace]
#0 /home/bozokcha/public_html/vendor/laravel/framework/src/Illuminate/Foundation/Console/StorageLinkCommand.php(60): Illuminate\\Filesystem\\Filesystem->link()
#1 /home/bozokcha/public_html/vendor/laravel/framework/src/Illuminate/Container/BoundMethod.php(36): Illuminate\\Foundation\\Console\\StorageLinkCommand->handle()
#2 /home/bozokcha/public_html/vendor/laravel/framework/src/Illuminate/Container/Util.php(41): Illuminate\\Container\\BoundMethod::{closure:Illuminate\\Container\\BoundMethod::call():35}()
#3 /home/bozokcha/public_html/vendor/laravel/framework/src/Illuminate/Container/BoundMethod.php(93): Illuminate\\Container\\Util::unwrapIfClosure()
#4 /home/bozokcha/public_html/vendor/laravel/framework/src/Illuminate/Container/BoundMethod.php(35): Illuminate\\Container\\BoundMethod::callBoundMethod()
#5 /home/bozokcha/public_html/vendor/laravel/framework/src/Illuminate/Container/Container.php(661): Illuminate\\Container\\BoundMethod::call()
#6 /home/bozokcha/public_html/vendor/laravel/framework/src/Illuminate/Console/Command.php(183): Illuminate\\Container\\Container->call()
#7 /home/bozokcha/public_html/vendor/symfony/console/Command/Command.php(326): Illuminate\\Console\\Command->execute()
#8 /home/bozokcha/public_html/vendor/laravel/framework/src/Illuminate/Console/Command.php(152): Symfony\\Component\\Console\\Command\\Command->run()
#9 /home/bozokcha/public_html/vendor/symfony/console/Application.php(1070): Illuminate\\Console\\Command->run()
#10 /home/bozokcha/public_html/vendor/symfony/console/Application.php(324): Symfony\\Component\\Console\\Application->doRunCommand()
#11 /home/bozokcha/public_html/vendor/symfony/console/Application.php(175): Symfony\\Component\\Console\\Application->doRun()
#12 /home/bozokcha/public_html/vendor/laravel/framework/src/Illuminate/Console/Application.php(102): Symfony\\Component\\Console\\Application->run()
#13 /home/bozokcha/public_html/vendor/laravel/framework/src/Illuminate/Console/Application.php(193): Illuminate\\Console\\Application->run()
#14 /home/bozokcha/public_html/vendor/laravel/framework/src/Illuminate/Foundation/Console/Kernel.php(336): Illuminate\\Console\\Application->call()
#15 /home/bozokcha/public_html/vendor/laravel/framework/src/Illuminate/Support/Facades/Facade.php(338): Illuminate\\Foundation\\Console\\Kernel->call()
#16 /home/bozokcha/public_html/app/Http/Controllers/Admin/WebsiteSettingController.php(74): Illuminate\\Support\\Facades\\Facade::__callStatic()
#17 /home/bozokcha/public_html/vendor/laravel/framework/src/Illuminate/Routing/Controller.php(54): App\\Http\\Controllers\\Admin\\WebsiteSettingController->updateThemesOptions()
#18 /home/bozokcha/public_html/vendor/laravel/framework/src/Illuminate/Routing/ControllerDispatcher.php(43): Illuminate\\Routing\\Controller->callAction()
#19 /home/bozokcha/public_html/vendor/laravel/framework/src/Illuminate/Routing/Route.php(259): Illuminate\\Routing\\ControllerDispatcher->dispatch()
#20 /home/bozokcha/public_html/vendor/laravel/framework/src/Illuminate/Routing/Route.php(205): Illuminate\\Routing\\Route->runController()
#21 /home/bozokcha/public_html/vendor/laravel/framework/src/Illuminate/Routing/Router.php(798): Illuminate\\Routing\\Route->run()
#22 /home/bozokcha/public_html/vendor/laravel/framework/src/Illuminate/Pipeline/Pipeline.php(141): Illuminate\\Routing\\Router->{closure:Illuminate\\Routing\\Router::runRouteWithinStack():797}()
#23 /home/bozokcha/public_html/app/Http/Middleware/PermissionCheckerMiddleware.php(15): Illuminate\\Pipeline\\Pipeline->{closure:Illuminate\\Pipeline\\Pipeline::prepareDestination():139}()
#24 /home/bozokcha/public_html/vendor/laravel/framework/src/Illuminate/Pipeline/Pipeline.php(180): App\\Http\\Middleware\\PermissionCheckerMiddleware->handle()
#25 /home/bozokcha/public_html/app/Http/Middleware/IsAdminMiddleware.php(14): Illuminate\\Pipeline\\Pipeline->{closure:{closure:Illuminate\\Pipeline\\Pipeline::carry():155}:156}()
#26 /home/bozokcha/public_html/vendor/laravel/framework/src/Illuminate/Pipeline/Pipeline.php(180): App\\Http\\Middleware\\IsAdminMiddleware->handle()
#27 /home/bozokcha/public_html/vendor/laravel/framework/src/Illuminate/Auth/Middleware/EnsureEmailIsVerified.php(30): Illuminate\\Pipeline\\Pipeline->{closure:{closure:Illuminate\\Pipeline\\Pipeline::carry():155}:156}()
#28 /home/bozokcha/public_html/vendor/laravel/framework/src/Illuminate/Pipeline/Pipeline.php(180): Illuminate\\Auth\\Middleware\\EnsureEmailIsVerified->handle()
#29 /home/bozokcha/public_html/app/Http/Middleware/InstallCheckMiddleware.php(22): Illuminate\\Pipeline\\Pipeline->{closure:{closure:Illuminate\\Pipeline\\Pipeline::carry():155}:156}()
#30 /home/bozokcha/public_html/vendor/laravel/framework/src/Illuminate/Pipeline/Pipeline.php(180): App\\Http\\Middleware\\InstallCheckMiddleware->handle()
#31 /home/bozokcha/public_html/app/Http/Middleware/XssMiddleware.php(24): Illuminate\\Pipeline\\Pipeline->{closure:{closure:Illuminate\\Pipeline\\Pipeline::carry():155}:156}()
#32 /home/bozokcha/public_html/vendor/laravel/framework/src/Illuminate/Pipeline/Pipeline.php(180): App\\Http\\Middleware\\XssMiddleware->handle()
#33 /home/bozokcha/public_html/vendor/laravel/framework/src/Illuminate/Routing/Middleware/SubstituteBindings.php(50): Illuminate\\Pipeline\\Pipeline->{closure:{closure:Illuminate\\Pipeline\\Pipeline::carry():155}:156}()
#34 /home/bozokcha/public_html/vendor/laravel/framework/src/Illuminate/Pipeline/Pipeline.php(180): Illuminate\\Routing\\Middleware\\SubstituteBindings->handle()
#35 /home/bozokcha/public_html/vendor/laravel/framework/src/Illuminate/Auth/Middleware/Authenticate.php(44): Illuminate\\Pipeline\\Pipeline->{closure:{closure:Illuminate\\Pipeline\\Pipeline::carry():155}:156}()
#36 /home/bozokcha/public_html/vendor/laravel/framework/src/Illuminate/Pipeline/Pipeline.php(180): Illuminate\\Auth\\Middleware\\Authenticate->handle()
#37 /home/bozokcha/public_html/vendor/laravel/framework/src/Illuminate/Foundation/Http/Middleware/VerifyCsrfToken.php(78): Illuminate\\Pipeline\\Pipeline->{closure:{closure:Illuminate\\Pipeline\\Pipeline::carry():155}:156}()
#38 /home/bozokcha/public_html/vendor/laravel/framework/src/Illuminate/Pipeline/Pipeline.php(180): Illuminate\\Foundation\\Http\\Middleware\\VerifyCsrfToken->handle()
#39 /home/bozokcha/public_html/vendor/laravel/framework/src/Illuminate/View/Middleware/ShareErrorsFromSession.php(49): Illuminate\\Pipeline\\Pipeline->{closure:{closure:Illuminate\\Pipeline\\Pipeline::carry():155}:156}()
#40 /home/bozokcha/public_html/vendor/laravel/framework/src/Illuminate/Pipeline/Pipeline.php(180): Illuminate\\View\\Middleware\\ShareErrorsFromSession->handle()
#41 /home/bozokcha/public_html/vendor/laravel/framework/src/Illuminate/Session/Middleware/StartSession.php(121): Illuminate\\Pipeline\\Pipeline->{closure:{closure:Illuminate\\Pipeline\\Pipeline::carry():155}:156}()
#42 /home/bozokcha/public_html/vendor/laravel/framework/src/Illuminate/Session/Middleware/StartSession.php(64): Illuminate\\Session\\Middleware\\StartSession->handleStatefulRequest()
#43 /home/bozokcha/public_html/vendor/laravel/framework/src/Illuminate/Pipeline/Pipeline.php(180): Illuminate\\Session\\Middleware\\StartSession->handle()
#44 /home/bozokcha/public_html/vendor/laravel/framework/src/Illuminate/Cookie/Middleware/AddQueuedCookiesToResponse.php(37): Illuminate\\Pipeline\\Pipeline->{closure:{closure:Illuminate\\Pipeline\\Pipeline::carry():155}:156}()
#45 /home/bozokcha/public_html/vendor/laravel/framework/src/Illuminate/Pipeline/Pipeline.php(180): Illuminate\\Cookie\\Middleware\\AddQueuedCookiesToResponse->handle()
#46 /home/bozokcha/public_html/vendor/laravel/framework/src/Illuminate/Cookie/Middleware/EncryptCookies.php(67): Illuminate\\Pipeline\\Pipeline->{closure:{closure:Illuminate\\Pipeline\\Pipeline::carry():155}:156}()
#47 /home/bozokcha/public_html/vendor/laravel/framework/src/Illuminate/Pipeline/Pipeline.php(180): Illuminate\\Cookie\\Middleware\\EncryptCookies->handle()
#48 /home/bozokcha/public_html/vendor/laravel/framework/src/Illuminate/Pipeline/Pipeline.php(116): Illuminate\\Pipeline\\Pipeline->{closure:{closure:Illuminate\\Pipeline\\Pipeline::carry():155}:156}()
#49 /home/bozokcha/public_html/vendor/laravel/framework/src/Illuminate/Routing/Router.php(797): Illuminate\\Pipeline\\Pipeline->then()
#50 /home/bozokcha/public_html/vendor/laravel/framework/src/Illuminate/Routing/Router.php(776): Illuminate\\Routing\\Router->runRouteWithinStack()
#51 /home/bozokcha/public_html/vendor/laravel/framework/src/Illuminate/Routing/Router.php(740): Illuminate\\Routing\\Router->runRoute()
#52 /home/bozokcha/public_html/vendor/laravel/framework/src/Illuminate/Routing/Router.php(729): Illuminate\\Routing\\Router->dispatchToRoute()
#53 /home/bozokcha/public_html/vendor/laravel/framework/src/Illuminate/Foundation/Http/Kernel.php(190): Illuminate\\Routing\\Router->dispatch()
#54 /home/bozokcha/public_html/vendor/laravel/framework/src/Illuminate/Pipeline/Pipeline.php(141): Illuminate\\Foundation\\Http\\Kernel->{closure:Illuminate\\Foundation\\Http\\Kernel::dispatchToRouter():187}()
#55 /home/bozokcha/public_html/vendor/laravel/framework/src/Illuminate/Foundation/Http/Middleware/TransformsRequest.php(21): Illuminate\\Pipeline\\Pipeline->{closure:Illuminate\\Pipeline\\Pipeline::prepareDestination():139}()
#56 /home/bozokcha/public_html/vendor/laravel/framework/src/Illuminate/Foundation/Http/Middleware/ConvertEmptyStringsToNull.php(31): Illuminate\\Foundation\\Http\\Middleware\\TransformsRequest->handle()
#57 /home/bozokcha/public_html/vendor/laravel/framework/src/Illuminate/Pipeline/Pipeline.php(180): Illuminate\\Foundation\\Http\\Middleware\\ConvertEmptyStringsToNull->handle()
#58 /home/bozokcha/public_html/vendor/laravel/framework/src/Illuminate/Foundation/Http/Middleware/TransformsRequest.php(21): Illuminate\\Pipeline\\Pipeline->{closure:{closure:Illuminate\\Pipeline\\Pipeline::carry():155}:156}()
#59 /home/bozokcha/public_html/vendor/laravel/framework/src/Illuminate/Foundation/Http/Middleware/TrimStrings.php(40): Illuminate\\Foundation\\Http\\Middleware\\TransformsRequest->handle()
#60 /home/bozokcha/public_html/vendor/laravel/framework/src/Illuminate/Pipeline/Pipeline.php(180): Illuminate\\Foundation\\Http\\Middleware\\TrimStrings->handle()
#61 /home/bozokcha/public_html/vendor/laravel/framework/src/Illuminate/Foundation/Http/Middleware/ValidatePostSize.php(27): Illuminate\\Pipeline\\Pipeline->{closure:{closure:Illuminate\\Pipeline\\Pipeline::carry():155}:156}()
#62 /home/bozokcha/public_html/vendor/laravel/framework/src/Illuminate/Pipeline/Pipeline.php(180): Illuminate\\Foundation\\Http\\Middleware\\ValidatePostSize->handle()
#63 /home/bozokcha/public_html/vendor/laravel/framework/src/Illuminate/Foundation/Http/Middleware/PreventRequestsDuringMaintenance.php(86): Illuminate\\Pipeline\\Pipeline->{closure:{closure:Illuminate\\Pipeline\\Pipeline::carry():155}:156}()
#64 /home/bozokcha/public_html/vendor/laravel/framework/src/Illuminate/Pipeline/Pipeline.php(180): Illuminate\\Foundation\\Http\\Middleware\\PreventRequestsDuringMaintenance->handle()
#65 /home/bozokcha/public_html/vendor/laravel/framework/src/Illuminate/Http/Middleware/HandleCors.php(49): Illuminate\\Pipeline\\Pipeline->{closure:{closure:Illuminate\\Pipeline\\Pipeline::carry():155}:156}()
#66 /home/bozokcha/public_html/vendor/laravel/framework/src/Illuminate/Pipeline/Pipeline.php(180): Illuminate\\Http\\Middleware\\HandleCors->handle()
#67 /home/bozokcha/public_html/vendor/laravel/framework/src/Illuminate/Http/Middleware/TrustProxies.php(39): Illuminate\\Pipeline\\Pipeline->{closure:{closure:Illuminate\\Pipeline\\Pipeline::carry():155}:156}()
#68 /home/bozokcha/public_html/vendor/laravel/framework/src/Illuminate/Pipeline/Pipeline.php(180): Illuminate\\Http\\Middleware\\TrustProxies->handle()
#69 /home/bozokcha/public_html/vendor/laravel/framework/src/Illuminate/Pipeline/Pipeline.php(116): Illuminate\\Pipeline\\Pipeline->{closure:{closure:Illuminate\\Pipeline\\Pipeline::carry():155}:156}()
#70 /home/bozokcha/public_html/vendor/laravel/framework/src/Illuminate/Foundation/Http/Kernel.php(165): Illuminate\\Pipeline\\Pipeline->then()
#71 /home/bozokcha/public_html/vendor/laravel/framework/src/Illuminate/Foundation/Http/Kernel.php(134): Illuminate\\Foundation\\Http\\Kernel->sendRequestThroughRouter()
#72 /home/bozokcha/public_html/index.php(60): Illuminate\\Foundation\\Http\\Kernel->handle()
#73 {main}
"} 
[2025-12-07 14:43:24] local.ERROR: Call to undefined function Illuminate\Filesystem\symlink() {"userId":1,"exception":"[object] (Error(code: 0): Call to undefined function Illuminate\\Filesystem\\symlink() at /home/bozokcha/public_html/vendor/laravel/framework/src/Illuminate/Filesystem/Filesystem.php:340)
[stacktrace]
#0 /home/bozokcha/public_html/vendor/laravel/framework/src/Illuminate/Foundation/Console/StorageLinkCommand.php(60): Illuminate\\Filesystem\\Filesystem->link()
#1 /home/bozokcha/public_html/vendor/laravel/framework/src/Illuminate/Container/BoundMethod.php(36): Illuminate\\Foundation\\Console\\StorageLinkCommand->handle()
#2 /home/bozokcha/public_html/vendor/laravel/framework/src/Illuminate/Container/Util.php(41): Illuminate\\Container\\BoundMethod::{closure:Illuminate\\Container\\BoundMethod::call():35}()
#3 /home/bozokcha/public_html/vendor/laravel/framework/src/Illuminate/Container/BoundMethod.php(93): Illuminate\\Container\\Util::unwrapIfClosure()
#4 /home/bozokcha/public_html/vendor/laravel/framework/src/Illuminate/Container/BoundMethod.php(35): Illuminate\\Container\\BoundMethod::callBoundMethod()
#5 /home/bozokcha/public_html/vendor/laravel/framework/src/Illuminate/Container/Container.php(661): Illuminate\\Container\\BoundMethod::call()
#6 /home/bozokcha/public_html/vendor/laravel/framework/src/Illuminate/Console/Command.php(183): Illuminate\\Container\\Container->call()
#7 /home/bozokcha/public_html/vendor/symfony/console/Command/Command.php(326): Illuminate\\Console\\Command->execute()
#8 /home/bozokcha/public_html/vendor/laravel/framework/src/Illuminate/Console/Command.php(152): Symfony\\Component\\Console\\Command\\Command->run()
#9 /home/bozokcha/public_html/vendor/symfony/console/Application.php(1070): Illuminate\\Console\\Command->run()
#10 /home/bozokcha/public_html/vendor/symfony/console/Application.php(324): Symfony\\Component\\Console\\Application->doRunCommand()
#11 /home/bozokcha/public_html/vendor/symfony/console/Application.php(175): Symfony\\Component\\Console\\Application->doRun()
#12 /home/bozokcha/public_html/vendor/laravel/framework/src/Illuminate/Console/Application.php(102): Symfony\\Component\\Console\\Application->run()
#13 /home/bozokcha/public_html/vendor/laravel/framework/src/Illuminate/Console/Application.php(193): Illuminate\\Console\\Application->run()
#14 /home/bozokcha/public_html/vendor/laravel/framework/src/Illuminate/Foundation/Console/Kernel.php(336): Illuminate\\Console\\Application->call()
#15 /home/bozokcha/public_html/vendor/laravel/framework/src/Illuminate/Support/Facades/Facade.php(338): Illuminate\\Foundation\\Console\\Kernel->call()
#16 /home/bozokcha/public_html/app/Http/Controllers/Admin/WebsiteSettingController.php(74): Illuminate\\Support\\Facades\\Facade::__callStatic()
#17 /home/bozokcha/public_html/vendor/laravel/framework/src/Illuminate/Routing/Controller.php(54): App\\Http\\Controllers\\Admin\\WebsiteSettingController->updateThemesOptions()
#18 /home/bozokcha/public_html/vendor/laravel/framework/src/Illuminate/Routing/ControllerDispatcher.php(43): Illuminate\\Routing\\Controller->callAction()
#19 /home/bozokcha/public_html/vendor/laravel/framework/src/Illuminate/Routing/Route.php(259): Illuminate\\Routing\\ControllerDispatcher->dispatch()
#20 /home/bozokcha/public_html/vendor/laravel/framework/src/Illuminate/Routing/Route.php(205): Illuminate\\Routing\\Route->runController()
#21 /home/bozokcha/public_html/vendor/laravel/framework/src/Illuminate/Routing/Router.php(798): Illuminate\\Routing\\Route->run()
#22 /home/bozokcha/public_html/vendor/laravel/framework/src/Illuminate/Pipeline/Pipeline.php(141): Illuminate\\Routing\\Router->{closure:Illuminate\\Routing\\Router::runRouteWithinStack():797}()
#23 /home/bozokcha/public_html/app/Http/Middleware/PermissionCheckerMiddleware.php(15): Illuminate\\Pipeline\\Pipeline->{closure:Illuminate\\Pipeline\\Pipeline::prepareDestination():139}()
#24 /home/bozokcha/public_html/vendor/laravel/framework/src/Illuminate/Pipeline/Pipeline.php(180): App\\Http\\Middleware\\PermissionCheckerMiddleware->handle()
#25 /home/bozokcha/public_html/app/Http/Middleware/IsAdminMiddleware.php(14): Illuminate\\Pipeline\\Pipeline->{closure:{closure:Illuminate\\Pipeline\\Pipeline::carry():155}:156}()
#26 /home/bozokcha/public_html/vendor/laravel/framework/src/Illuminate/Pipeline/Pipeline.php(180): App\\Http\\Middleware\\IsAdminMiddleware->handle()
#27 /home/bozokcha/public_html/vendor/laravel/framework/src/Illuminate/Auth/Middleware/EnsureEmailIsVerified.php(30): Illuminate\\Pipeline\\Pipeline->{closure:{closure:Illuminate\\Pipeline\\Pipeline::carry():155}:156}()
#28 /home/bozokcha/public_html/vendor/laravel/framework/src/Illuminate/Pipeline/Pipeline.php(180): Illuminate\\Auth\\Middleware\\EnsureEmailIsVerified->handle()
#29 /home/bozokcha/public_html/app/Http/Middleware/InstallCheckMiddleware.php(22): Illuminate\\Pipeline\\Pipeline->{closure:{closure:Illuminate\\Pipeline\\Pipeline::carry():155}:156}()
#30 /home/bozokcha/public_html/vendor/laravel/framework/src/Illuminate/Pipeline/Pipeline.php(180): App\\Http\\Middleware\\InstallCheckMiddleware->handle()
#31 /home/bozokcha/public_html/app/Http/Middleware/XssMiddleware.php(24): Illuminate\\Pipeline\\Pipeline->{closure:{closure:Illuminate\\Pipeline\\Pipeline::carry():155}:156}()
#32 /home/bozokcha/public_html/vendor/laravel/framework/src/Illuminate/Pipeline/Pipeline.php(180): App\\Http\\Middleware\\XssMiddleware->handle()
#33 /home/bozokcha/public_html/vendor/laravel/framework/src/Illuminate/Routing/Middleware/SubstituteBindings.php(50): Illuminate\\Pipeline\\Pipeline->{closure:{closure:Illuminate\\Pipeline\\Pipeline::carry():155}:156}()
#34 /home/bozokcha/public_html/vendor/laravel/framework/src/Illuminate/Pipeline/Pipeline.php(180): Illuminate\\Routing\\Middleware\\SubstituteBindings->handle()
#35 /home/bozokcha/public_html/vendor/laravel/framework/src/Illuminate/Auth/Middleware/Authenticate.php(44): Illuminate\\Pipeline\\Pipeline->{closure:{closure:Illuminate\\Pipeline\\Pipeline::carry():155}:156}()
#36 /home/bozokcha/public_html/vendor/laravel/framework/src/Illuminate/Pipeline/Pipeline.php(180): Illuminate\\Auth\\Middleware\\Authenticate->handle()
#37 /home/bozokcha/public_html/vendor/laravel/framework/src/Illuminate/Foundation/Http/Middleware/VerifyCsrfToken.php(78): Illuminate\\Pipeline\\Pipeline->{closure:{closure:Illuminate\\Pipeline\\Pipeline::carry():155}:156}()
#38 /home/bozokcha/public_html/vendor/laravel/framework/src/Illuminate/Pipeline/Pipeline.php(180): Illuminate\\Foundation\\Http\\Middleware\\VerifyCsrfToken->handle()
#39 /home/bozokcha/public_html/vendor/laravel/framework/src/Illuminate/View/Middleware/ShareErrorsFromSession.php(49): Illuminate\\Pipeline\\Pipeline->{closure:{closure:Illuminate\\Pipeline\\Pipeline::carry():155}:156}()
#40 /home/bozokcha/public_html/vendor/laravel/framework/src/Illuminate/Pipeline/Pipeline.php(180): Illuminate\\View\\Middleware\\ShareErrorsFromSession->handle()
#41 /home/bozokcha/public_html/vendor/laravel/framework/src/Illuminate/Session/Middleware/StartSession.php(121): Illuminate\\Pipeline\\Pipeline->{closure:{closure:Illuminate\\Pipeline\\Pipeline::carry():155}:156}()
#42 /home/bozokcha/public_html/vendor/laravel/framework/src/Illuminate/Session/Middleware/StartSession.php(64): Illuminate\\Session\\Middleware\\StartSession->handleStatefulRequest()
#43 /home/bozokcha/public_html/vendor/laravel/framework/src/Illuminate/Pipeline/Pipeline.php(180): Illuminate\\Session\\Middleware\\StartSession->handle()
#44 /home/bozokcha/public_html/vendor/laravel/framework/src/Illuminate/Cookie/Middleware/AddQueuedCookiesToResponse.php(37): Illuminate\\Pipeline\\Pipeline->{closure:{closure:Illuminate\\Pipeline\\Pipeline::carry():155}:156}()
#45 /home/bozokcha/public_html/vendor/laravel/framework/src/Illuminate/Pipeline/Pipeline.php(180): Illuminate\\Cookie\\Middleware\\AddQueuedCookiesToResponse->handle()
#46 /home/bozokcha/public_html/vendor/laravel/framework/src/Illuminate/Cookie/Middleware/EncryptCookies.php(67): Illuminate\\Pipeline\\Pipeline->{closure:{closure:Illuminate\\Pipeline\\Pipeline::carry():155}:156}()
#47 /home/bozokcha/public_html/vendor/laravel/framework/src/Illuminate/Pipeline/Pipeline.php(180): Illuminate\\Cookie\\Middleware\\EncryptCookies->handle()
#48 /home/bozokcha/public_html/vendor/laravel/framework/src/Illuminate/Pipeline/Pipeline.php(116): Illuminate\\Pipeline\\Pipeline->{closure:{closure:Illuminate\\Pipeline\\Pipeline::carry():155}:156}()
#49 /home/bozokcha/public_html/vendor/laravel/framework/src/Illuminate/Routing/Router.php(797): Illuminate\\Pipeline\\Pipeline->then()
#50 /home/bozokcha/public_html/vendor/laravel/framework/src/Illuminate/Routing/Router.php(776): Illuminate\\Routing\\Router->runRouteWithinStack()
#51 /home/bozokcha/public_html/vendor/laravel/framework/src/Illuminate/Routing/Router.php(740): Illuminate\\Routing\\Router->runRoute()
#52 /home/bozokcha/public_html/vendor/laravel/framework/src/Illuminate/Routing/Router.php(729): Illuminate\\Routing\\Router->dispatchToRoute()
#53 /home/bozokcha/public_html/vendor/laravel/framework/src/Illuminate/Foundation/Http/Kernel.php(190): Illuminate\\Routing\\Router->dispatch()
#54 /home/bozokcha/public_html/vendor/laravel/framework/src/Illuminate/Pipeline/Pipeline.php(141): Illuminate\\Foundation\\Http\\Kernel->{closure:Illuminate\\Foundation\\Http\\Kernel::dispatchToRouter():187}()
#55 /home/bozokcha/public_html/vendor/laravel/framework/src/Illuminate/Foundation/Http/Middleware/TransformsRequest.php(21): Illuminate\\Pipeline\\Pipeline->{closure:Illuminate\\Pipeline\\Pipeline::prepareDestination():139}()
#56 /home/bozokcha/public_html/vendor/laravel/framework/src/Illuminate/Foundation/Http/Middleware/ConvertEmptyStringsToNull.php(31): Illuminate\\Foundation\\Http\\Middleware\\TransformsRequest->handle()
#57 /home/bozokcha/public_html/vendor/laravel/framework/src/Illuminate/Pipeline/Pipeline.php(180): Illuminate\\Foundation\\Http\\Middleware\\ConvertEmptyStringsToNull->handle()
#58 /home/bozokcha/public_html/vendor/laravel/framework/src/Illuminate/Foundation/Http/Middleware/TransformsRequest.php(21): Illuminate\\Pipeline\\Pipeline->{closure:{closure:Illuminate\\Pipeline\\Pipeline::carry():155}:156}()
#59 /home/bozokcha/public_html/vendor/laravel/framework/src/Illuminate/Foundation/Http/Middleware/TrimStrings.php(40): Illuminate\\Foundation\\Http\\Middleware\\TransformsRequest->handle()
#60 /home/bozokcha/public_html/vendor/laravel/framework/src/Illuminate/Pipeline/Pipeline.php(180): Illuminate\\Foundation\\Http\\Middleware\\TrimStrings->handle()
#61 /home/bozokcha/public_html/vendor/laravel/framework/src/Illuminate/Foundation/Http/Middleware/ValidatePostSize.php(27): Illuminate\\Pipeline\\Pipeline->{closure:{closure:Illuminate\\Pipeline\\Pipeline::carry():155}:156}()
#62 /home/bozokcha/public_html/vendor/laravel/framework/src/Illuminate/Pipeline/Pipeline.php(180): Illuminate\\Foundation\\Http\\Middleware\\ValidatePostSize->handle()
#63 /home/bozokcha/public_html/vendor/laravel/framework/src/Illuminate/Foundation/Http/Middleware/PreventRequestsDuringMaintenance.php(86): Illuminate\\Pipeline\\Pipeline->{closure:{closure:Illuminate\\Pipeline\\Pipeline::carry():155}:156}()
#64 /home/bozokcha/public_html/vendor/laravel/framework/src/Illuminate/Pipeline/Pipeline.php(180): Illuminate\\Foundation\\Http\\Middleware\\PreventRequestsDuringMaintenance->handle()
#65 /home/bozokcha/public_html/vendor/laravel/framework/src/Illuminate/Http/Middleware/HandleCors.php(49): Illuminate\\Pipeline\\Pipeline->{closure:{closure:Illuminate\\Pipeline\\Pipeline::carry():155}:156}()
#66 /home/bozokcha/public_html/vendor/laravel/framework/src/Illuminate/Pipeline/Pipeline.php(180): Illuminate\\Http\\Middleware\\HandleCors->handle()
#67 /home/bozokcha/public_html/vendor/laravel/framework/src/Illuminate/Http/Middleware/TrustProxies.php(39): Illuminate\\Pipeline\\Pipeline->{closure:{closure:Illuminate\\Pipeline\\Pipeline::carry():155}:156}()
#68 /home/bozokcha/public_html/vendor/laravel/framework/src/Illuminate/Pipeline/Pipeline.php(180): Illuminate\\Http\\Middleware\\TrustProxies->handle()
#69 /home/bozokcha/public_html/vendor/laravel/framework/src/Illuminate/Pipeline/Pipeline.php(116): Illuminate\\Pipeline\\Pipeline->{closure:{closure:Illuminate\\Pipeline\\Pipeline::carry():155}:156}()
#70 /home/bozokcha/public_html/vendor/laravel/framework/src/Illuminate/Foundation/Http/Kernel.php(165): Illuminate\\Pipeline\\Pipeline->then()
#71 /home/bozokcha/public_html/vendor/laravel/framework/src/Illuminate/Foundation/Http/Kernel.php(134): Illuminate\\Foundation\\Http\\Kernel->sendRequestThroughRouter()
#72 /home/bozokcha/public_html/index.php(60): Illuminate\\Foundation\\Http\\Kernel->handle()
#73 {main}
"} 
[2025-12-08 23:39:10] local.INFO: makeFacebookApiRequest :  [{"stdClass":{"data":[{"verified_name":"Test Number","code_verification_status":"NOT_VERIFIED","display_phone_number":"15556130474","quality_rating":"GREEN","platform_type":"CLOUD_API","throughput":{"level":"STANDARD"},"webhook_configuration":{"application":"https://bozokchat.com/whatsapp/webhook/USaT4EmWDIAhPQNc7lB7cesbmkhVXN"},"id":"979756238547806"}],"paging":{"cursors":{"before":"QVFIU1VKSFlkTjZA2NUJrOHNXS2ZAxT3NlMUxiV25yU2Q1bnM4UTRnTm82SGNvc2pyUHdYZAFExOWZAxU1ZA2MzVqbVVqSjYZD","after":"QVFIU1VKSFlkTjZA2NUJrOHNXS2ZAxT3NlMUxiV25yU2Q1bnM4UTRnTm82SGNvc2pyUHdYZAFExOWZAxU1ZA2MzVqbVVqSjYZD"}}}}] 
[2025-12-08 23:39:10] local.INFO: makeFacebookApiRequest :  [{"stdClass":{"data":[{"about":"Hey there! I am using WhatsApp.","vertical":"UNDEFINED","messaging_product":"whatsapp"}]}}] 
[2025-12-08 23:39:11] local.INFO: makeFacebookApiRequest :  [{"stdClass":{"id":"841716778606645","name":"Test WhatsApp Business Account","timezone_id":"1","message_template_namespace":"a32f59fd_808e_47f3_b0cb_b9d70880be27"}}] 
[2025-12-08 23:39:11] local.INFO: makeFacebookApiRequest :  [{"stdClass":{"verified_name":"Test Number","code_verification_status":"NOT_VERIFIED","display_phone_number":"15556130474","quality_rating":"GREEN","platform_type":"CLOUD_API","throughput":{"level":"STANDARD"},"webhook_configuration":{"application":"https://bozokchat.com/whatsapp/webhook/USaT4EmWDIAhPQNc7lB7cesbmkhVXN"},"id":"979756238547806"}}] 
[2025-12-08 23:39:12] local.INFO: makeFacebookApiRequest :  [{"stdClass":{"id":"841716778606645","name":"Test WhatsApp Business Account","timezone_id":"1"}}] 
[2025-12-08 23:46:04] local.ERROR: Invalid reply message ID. {"reply_message_id":"null"} 
[2025-12-08 23:47:18] local.ERROR: Invalid reply message ID. {"reply_message_id":"null"} 
[2025-12-08 23:51:14] local.ERROR: Invalid reply message ID. {"reply_message_id":"null"} 
[2025-12-08 23:51:15] local.ERROR: Invalid reply message ID. {"reply_message_id":"null"} 
[2025-12-08 23:51:18] local.ERROR: Invalid reply message ID. {"reply_message_id":"null"} 
[2025-12-09 20:50:16] local.ERROR: sendWhatsAppMessage Exception:  | Exception: {"error":{"message":"Error validating access token: Session has expired on Monday, 08-Dec-25 14:00:00 PST. The current time is Tuesday, 09-Dec-25 09:50:16 PST.","type":"OAuthException","code":190,"error_subcode":463,"fbtrace_id":"AxR_CV_wDpeZ-tLjlnpiDFF"}} | File: /home/bozokcha/public_html/vendor/netflie/whatsapp-cloud-api/src/Response.php | Line: 150  
